<?xml version="1.0" encoding="UTF-8"?>
<!-- Generated by org.testng.reporters.JUnitReportReporter -->
<testsuite hostname="TYC1121711-Ronald" failures="0" tests="2" name="Test.Sample_maven_project.SampleTest" time="0.015" errors="0" timestamp="2022-02-02T12:58:12 IST" skipped="0">
  <testcase classname="Test.Sample_maven_project.SampleTest" name="Demo" time="0.013"/>
  <system-out/>
  <testcase classname="Test.Sample_maven_project.SampleTest" name="Temp" time="0.002"/>
  <system-out/>
</testsuite> <!-- Test.Sample_maven_project.SampleTest -->
