<?xml version="1.0" encoding="UTF-8"?>
<!-- Generated by org.testng.reporters.JUnitReportReporter -->
<testsuite hostname="TYC1121711-Ronald" failures="0" tests="1" name="Test.Sample_maven_project.Example_for_sureFire_dependency" time="15.904" errors="0" timestamp="2022-02-03T09:29:24 IST" skipped="0">
  <testcase classname="Test.Sample_maven_project.Example_for_sureFire_dependency" name="sample" time="15.904"/>
  <system-out/>
</testsuite> <!-- Test.Sample_maven_project.Example_for_sureFire_dependency -->
